<?xml version="1.0" encoding="UTF-8"?>
<!-- Generated by org.testng.reporters.JUnitXMLReporter -->
<testsuite hostname="dalong" ignored="0" name="test" tests="3" failures="1" timestamp="20 八月 2020 07:32:02 GMT" time="7.108" errors="0">
  <testcase name="f" time="0.01" classname="com.example.amisbook002.NewTest"/>
  <testcase name="assertIt" time="0.0" classname="com.example.amisbook002.MyAssert">
    <failure type="org.testng.TestNGException" message="
Cannot inject @Test annotated Method [assertIt] with [class java.lang.String, class java.lang.String, class java.lang.String].
For more information on native dependency injection please refer to http://testng.org/doc/documentation-main.html#native-dependency-injection">
      <![CDATA[org.testng.TestNGException: 
Cannot inject @Test annotated Method [assertIt] with [class java.lang.String, class java.lang.String, class java.lang.String].
For more information on native dependency injection please refer to http://testng.org/doc/documentation-main.html#native-dependency-injection
at com.intellij.rt.testng.IDEARemoteTestNG.run(IDEARemoteTestNG.java:66)
at com.intellij.rt.testng.RemoteTestNGStarter.main(RemoteTestNGStarter.java:110)
... Removed 21 stack frames]]>
    </failure>
  </testcase> <!-- assertIt -->
  <testcase name="start" time="7.053" classname="com.example.amisbook002.MainStart"/>
</testsuite> <!-- test -->
