<?xml version="1.0" encoding="UTF-8"?>
<testng-results skipped="0" failed="1" ignored="0" total="3" passed="2">
  <reporter-output>
  </reporter-output>
  <suite name="Suite" duration-ms="7108" started-at="2020-08-20T07:31:54Z" finished-at="2020-08-20T07:32:02Z">
    <groups>
    </groups>
    <test name="test" duration-ms="7108" started-at="2020-08-20T07:31:54Z" finished-at="2020-08-20T07:32:02Z">
      <class name="com.example.amisbook002.MainStart">
        <test-method status="PASS" signature="start()[pri:0, instance:com.example.amisbook002.MainStart@addb54]" name="start" duration-ms="7053" started-at="2020-08-20T07:31:55Z" finished-at="2020-08-20T07:32:02Z">
          <reporter-output>
          </reporter-output>
        </test-method> <!-- start -->
      </class> <!-- com.example.amisbook002.MainStart -->
      <class name="com.example.amisbook002.NewTest">
        <test-method status="PASS" signature="f()[pri:0, instance:com.example.amisbook002.NewTest@67b872]" name="f" duration-ms="10" started-at="2020-08-20T07:31:55Z" finished-at="2020-08-20T07:31:55Z">
          <reporter-output>
          </reporter-output>
        </test-method> <!-- f -->
      </class> <!-- com.example.amisbook002.NewTest -->
      <class name="com.example.amisbook002.MyAssert">
        <test-method status="FAIL" signature="assertIt(java.lang.String, java.lang.String, java.lang.String)[pri:0, instance:com.example.amisbook002.MyAssert@1f2a3a5]" name="assertIt" duration-ms="0" started-at="2020-08-20T07:31:55Z" finished-at="2020-08-20T07:31:55Z">
          <exception class="org.testng.TestNGException">
            <message>
              <![CDATA[
Cannot inject @Test annotated Method [assertIt] with [class java.lang.String, class java.lang.String, class java.lang.String].
For more information on native dependency injection please refer to http://testng.org/doc/documentation-main.html#native-dependency-injection]]>
            </message>
            <full-stacktrace>
              <![CDATA[org.testng.TestNGException: 
Cannot inject @Test annotated Method [assertIt] with [class java.lang.String, class java.lang.String, class java.lang.String].
For more information on native dependency injection please refer to http://testng.org/doc/documentation-main.html#native-dependency-injection
at org.testng.internal.Parameters.checkParameterTypes(Parameters.java:407)
at org.testng.internal.Parameters.createParametersForMethod(Parameters.java:356)
at org.testng.internal.Parameters.createParameters(Parameters.java:635)
at org.testng.internal.Parameters.handleParameters(Parameters.java:769)
at org.testng.internal.ParameterHandler.handleParameters(ParameterHandler.java:49)
at org.testng.internal.ParameterHandler.createParameters(ParameterHandler.java:37)
at org.testng.internal.Invoker.invokeTestMethods(Invoker.java:924)
at org.testng.internal.TestMethodWorker.invokeTestMethods(TestMethodWorker.java:125)
at org.testng.internal.TestMethodWorker.run(TestMethodWorker.java:109)
at org.testng.TestRunner.privateRun(TestRunner.java:648)
at org.testng.TestRunner.run(TestRunner.java:505)
at org.testng.SuiteRunner.runTest(SuiteRunner.java:455)
at org.testng.SuiteRunner.runSequentially(SuiteRunner.java:450)
at org.testng.SuiteRunner.privateRun(SuiteRunner.java:415)
at org.testng.SuiteRunner.run(SuiteRunner.java:364)
at org.testng.SuiteRunnerWorker.runSuite(SuiteRunnerWorker.java:52)
at org.testng.SuiteRunnerWorker.run(SuiteRunnerWorker.java:84)
at org.testng.TestNG.runSuitesSequentially(TestNG.java:1208)
at org.testng.TestNG.runSuitesLocally(TestNG.java:1137)
at org.testng.TestNG.runSuites(TestNG.java:1049)
at org.testng.TestNG.run(TestNG.java:1017)
at com.intellij.rt.testng.IDEARemoteTestNG.run(IDEARemoteTestNG.java:66)
at com.intellij.rt.testng.RemoteTestNGStarter.main(RemoteTestNGStarter.java:110)
]]>
            </full-stacktrace>
          </exception> <!-- org.testng.TestNGException -->
          <reporter-output>
          </reporter-output>
        </test-method> <!-- assertIt -->
      </class> <!-- com.example.amisbook002.MyAssert -->
    </test> <!-- test -->
  </suite> <!-- Suite -->
</testng-results>
